<?xml version="1.0" encoding="UTF-8"?>
<testsuite xmlns:xsi="http://www.w3.org/2001/XMLSchema-instance" xsi:schemaLocation="https://maven.apache.org/surefire/maven-surefire-plugin/xsd/surefire-test-report.xsd" name="com.corso.jenkins.AppTest" time="0.024" tests="5" errors="0" skipped="0" failures="0">
  <properties>
[...]
</properties>
  <testcase name="Test per nr = 1" classname="com.corso.jenkins.AppTest" time="0.007"/>
  <testcase name="Test per nr = 5" classname="com.corso.jenkins.AppTest" time="0"/>
  <testcase name="Test per nr = 0" classname="com.corso.jenkins.AppTest" time="0.002"/>
  <testcase name="Test per nr = 3" classname="com.corso.jenkins.AppTest" time="0"/>
  <testcase name="Test per nr = 22" classname="com.corso.jenkins.AppTest" time="0"/>
</testsuite>